<?xml version="1.0" encoding="UTF-8"?>
<!-- Generated by org.testng.reporters.JUnitReportReporter -->
<testsuite hostname="HP" name="controller.TestSuite_01" tests="1" failures="0" timestamp="26 May 2019 04:31:08 GMT" time="11.095" errors="0">
  <testcase name="verifyLogin" time="11.095" classname="controller.TestSuite_01"/>
</testsuite> <!-- controller.TestSuite_01 -->
